c:\projects\cripto-grain\cripto-grain\app_grain\debug\app_grain.ui.resources
c:\projects\cripto-grain\cripto-grain\app_grain\debug\vc120.pdb
c:\projects\cripto-grain\cripto-grain\app_grain\debug\vc120.idb
c:\projects\cripto-grain\cripto-grain\app_grain\debug\bpm-file.obj
c:\projects\cripto-grain\cripto-grain\app_grain\debug\ecrypt-sync.obj
c:\projects\cripto-grain\cripto-grain\app_grain\debug\grain128.obj
c:\projects\cripto-grain\cripto-grain\app_grain\debug\main-old.obj
c:\projects\cripto-grain\cripto-grain\app_grain\debug\main.obj
c:\projects\cripto-grain\cripto-grain\app_grain\debug\testvectors.obj
c:\projects\cripto-grain\cripto-grain\app_grain\debug\grain.obj
c:\projects\cripto-grain\cripto-grain\app_grain\debug\ui.obj
c:\projects\cripto-grain\cripto-grain\app_grain\debug\app_grain.vcxproj.generateresource.cache
c:\projects\cripto-grain\cripto-grain\app_grain\debug\app_grain.vcxprojresolveassemblyreference.cache
c:\projects\cripto-grain\cripto-grain\debug\app_grain.pdb
c:\projects\cripto-grain\cripto-grain\app_grain\debug\app_grain.tlog\app_grain.write.1u.tlog
c:\projects\cripto-grain\cripto-grain\app_grain\debug\app_grain.tlog\cl.command.1.tlog
c:\projects\cripto-grain\cripto-grain\app_grain\debug\app_grain.tlog\cl.read.1.tlog
c:\projects\cripto-grain\cripto-grain\app_grain\debug\app_grain.tlog\cl.write.1.tlog
c:\projects\cripto-grain\cripto-grain\app_grain\debug\app_grain.tlog\link.10728-cvtres.read.1.tlog
c:\projects\cripto-grain\cripto-grain\app_grain\debug\app_grain.tlog\link.10728-cvtres.write.1.tlog
c:\projects\cripto-grain\cripto-grain\app_grain\debug\app_grain.tlog\link.10728-rc.read.1.tlog
c:\projects\cripto-grain\cripto-grain\app_grain\debug\app_grain.tlog\link.10728-rc.write.1.tlog
c:\projects\cripto-grain\cripto-grain\app_grain\debug\app_grain.tlog\link.10728.read.1.tlog
c:\projects\cripto-grain\cripto-grain\app_grain\debug\app_grain.tlog\link.10728.write.1.tlog
c:\projects\cripto-grain\cripto-grain\app_grain\debug\app_grain.tlog\link.command.1.tlog
c:\projects\cripto-grain\cripto-grain\app_grain\debug\app_grain.tlog\link.read.1.tlog
c:\projects\cripto-grain\cripto-grain\app_grain\debug\app_grain.tlog\link.write.1.tlog
